Using pre-set license
Built from '2022.3/staging' branch; Version is '2022.3.4f1 (35713cd46cd7) revision 3502396'; Using compiler version '192829333'; Build Type 'Release'
OS: 'Windows 11  (10.0.22621) 64bit Core' Language: 'en' Physical Memory: 32705 MB
BatchMode: 1, IsHumanControllingUs: 0, StartBugReporterOnCrash: 0, Is64bit: 1, IsPro: 1

COMMAND LINE ARGUMENTS:
C:\Program Files\Unity\Hub\Editor\2022.3.4f1\Editor\Unity.exe
-adb2
-batchMode
-noUpm
-name
AssetImportWorker0
-projectPath
C:/Users/skinn/SemsterPorject
-logFile
Logs/AssetImportWorker0.log
-srvPort
50922
Successfully changed project path to: C:/Users/skinn/SemsterPorject
C:/Users/skinn/SemsterPorject
[UnityMemory] Configuration Parameters - Can be set up in boot.config
    "memorysetup-bucket-allocator-granularity=16"
    "memorysetup-bucket-allocator-bucket-count=8"
    "memorysetup-bucket-allocator-block-size=33554432"
    "memorysetup-bucket-allocator-block-count=8"
    "memorysetup-main-allocator-block-size=16777216"
    "memorysetup-thread-allocator-block-size=16777216"
    "memorysetup-gfx-main-allocator-block-size=16777216"
    "memorysetup-gfx-thread-allocator-block-size=16777216"
    "memorysetup-cache-allocator-block-size=4194304"
    "memorysetup-typetree-allocator-block-size=2097152"
    "memorysetup-profiler-bucket-allocator-granularity=16"
    "memorysetup-profiler-bucket-allocator-bucket-count=8"
    "memorysetup-profiler-bucket-allocator-block-size=33554432"
    "memorysetup-profiler-bucket-allocator-block-count=8"
    "memorysetup-profiler-allocator-block-size=16777216"
    "memorysetup-profiler-editor-allocator-block-size=1048576"
    "memorysetup-temp-allocator-size-main=16777216"
    "memorysetup-job-temp-allocator-block-size=2097152"
    "memorysetup-job-temp-allocator-block-size-background=1048576"
    "memorysetup-job-temp-allocator-reduction-small-platforms=262144"
    "memorysetup-allocator-temp-initial-block-size-main=262144"
    "memorysetup-allocator-temp-initial-block-size-worker=262144"
    "memorysetup-temp-allocator-size-background-worker=32768"
    "memorysetup-temp-allocator-size-job-worker=262144"
    "memorysetup-temp-allocator-size-preload-manager=33554432"
    "memorysetup-temp-allocator-size-nav-mesh-worker=65536"
    "memorysetup-temp-allocator-size-audio-worker=65536"
    "memorysetup-temp-allocator-size-cloud-worker=32768"
    "memorysetup-temp-allocator-size-gi-baking-worker=262144"
    "memorysetup-temp-allocator-size-gfx=262144"
Player connection [16000] Host "[IP] 192.168.1.78 [Port] 0 [Flags] 2 [Guid] 2792167365 [EditorId] 2792167365 [Version] 1048832 [Id] WindowsEditor(7,KurtisPC) [Debug] 1 [PackageName] WindowsEditor [ProjectName] Editor" joined multi-casting on [225.0.0.222:54997]...

Player connection [16000] Host "[IP] 192.168.1.78 [Port] 0 [Flags] 2 [Guid] 2792167365 [EditorId] 2792167365 [Version] 1048832 [Id] WindowsEditor(7,KurtisPC) [Debug] 1 [PackageName] WindowsEditor [ProjectName] Editor" joined alternative multi-casting on [225.0.0.222:34997]...

Refreshing native plugins compatible for Editor in 10.92 ms, found 3 plugins.
Preloading 0 native plugins for Editor in 0.00 ms.
Initialize engine version: 2022.3.4f1 (35713cd46cd7)
[Subsystems] Discovering subsystems at path C:/Program Files/Unity/Hub/Editor/2022.3.4f1/Editor/Data/Resources/UnitySubsystems
[Subsystems] Discovering subsystems at path C:/Users/skinn/SemsterPorject/Assets
GfxDevice: creating device client; threaded=0; jobified=0
Direct3D:
    Version:  Direct3D 11.0 [level 11.1]
    Renderer: NVIDIA GeForce RTX 3070 (ID=0x2484)
    Vendor:   NVIDIA
    VRAM:     8032 MB
    Driver:   31.0.15.3742
Initialize mono
Mono path[0] = 'C:/Program Files/Unity/Hub/Editor/2022.3.4f1/Editor/Data/Managed'
Mono path[1] = 'C:/Program Files/Unity/Hub/Editor/2022.3.4f1/Editor/Data/MonoBleedingEdge/lib/mono/unityjit-win32'
Mono config path = 'C:/Program Files/Unity/Hub/Editor/2022.3.4f1/Editor/Data/MonoBleedingEdge/etc'
Using monoOptions --debugger-agent=transport=dt_socket,embedding=1,server=y,suspend=n,address=127.0.0.1:56980
Begin MonoManager ReloadAssembly
Registering precompiled unity dll's ...
Register platform support module: C:/Program Files/Unity/Hub/Editor/2022.3.4f1/Editor/Data/PlaybackEngines/WindowsStandaloneSupport/UnityEditor.WindowsStandalone.Extensions.dll
Registered in 0.005303 seconds.
- Loaded All Assemblies, in  0.355 seconds
Native extension for WindowsStandalone target not found
Mono: successfully reloaded assembly
- Finished resetting the current domain, in  0.253 seconds
Domain Reload Profiling: 608ms
	BeginReloadAssembly (84ms)
		ExecutionOrderSort (0ms)
		DisableScriptedObjects (0ms)
		BackupInstance (0ms)
		ReleaseScriptingObjects (0ms)
		CreateAndSetChildDomain (1ms)
	RebuildCommonClasses (52ms)
	RebuildNativeTypeToScriptingClass (11ms)
	initialDomainReloadingComplete (53ms)
	LoadAllAssembliesAndSetupDomain (153ms)
		LoadAssemblies (82ms)
		RebuildTransferFunctionScriptingTraits (0ms)
		AnalyzeDomain (149ms)
			TypeCache.Refresh (148ms)
				TypeCache.ScanAssembly (134ms)
			ScanForSourceGeneratedMonoScriptInfo (0ms)
			ResolveRequiredComponents (1ms)
	FinalizeReload (253ms)
		ReleaseScriptCaches (0ms)
		RebuildScriptCaches (0ms)
		SetupLoadedEditorAssemblies (196ms)
			LogAssemblyErrors (0ms)
			InitializePlatformSupportModulesInManaged (9ms)
			SetLoadedEditorAssemblies (7ms)
			RefreshPlugins (0ms)
			BeforeProcessingInitializeOnLoad (2ms)
			ProcessInitializeOnLoadAttributes (133ms)
			ProcessInitializeOnLoadMethodAttributes (46ms)
			AfterProcessingInitializeOnLoad (0ms)
			EditorAssembliesLoaded (0ms)
		ExecutionOrderSort2 (0ms)
		AwakeInstancesAfterBackupRestoration (0ms)
========================================================================
Worker process is ready to serve import requests
Begin MonoManager ReloadAssembly
Symbol file LoadedFromMemory doesn't match image C:\Users\skinn\SemsterPorject\Library\PackageCache\com.unity.visualscripting@1.8.0\Editor\VisualScripting.Core\Dependencies\YamlDotNet\Unity.VisualScripting.YamlDotNet.dll
Symbol file LoadedFromMemory doesn't match image C:\Users\skinn\SemsterPorject\Library\PackageCache\com.unity.visualscripting@1.8.0\Editor\VisualScripting.Core\Dependencies\DotNetZip\Unity.VisualScripting.IonicZip.dll
- Loaded All Assemblies, in  0.986 seconds
Refreshing native plugins compatible for Editor in 4.23 ms, found 3 plugins.
Native extension for WindowsStandalone target not found
Mono: successfully reloaded assembly
- Finished resetting the current domain, in  0.767 seconds
Domain Reload Profiling: 1750ms
	BeginReloadAssembly (167ms)
		ExecutionOrderSort (0ms)
		DisableScriptedObjects (6ms)
		BackupInstance (0ms)
		ReleaseScriptingObjects (0ms)
		CreateAndSetChildDomain (29ms)
	RebuildCommonClasses (44ms)
	RebuildNativeTypeToScriptingClass (14ms)
	initialDomainReloadingComplete (49ms)
	LoadAllAssembliesAndSetupDomain (709ms)
		LoadAssemblies (321ms)
		RebuildTransferFunctionScriptingTraits (0ms)
		AnalyzeDomain (460ms)
			TypeCache.Refresh (405ms)
				TypeCache.ScanAssembly (387ms)
			ScanForSourceGeneratedMonoScriptInfo (24ms)
			ResolveRequiredComponents (30ms)
	FinalizeReload (768ms)
		ReleaseScriptCaches (0ms)
		RebuildScriptCaches (0ms)
		SetupLoadedEditorAssemblies (489ms)
			LogAssemblyErrors (0ms)
			InitializePlatformSupportModulesInManaged (7ms)
			SetLoadedEditorAssemblies (3ms)
			RefreshPlugins (0ms)
			BeforeProcessingInitializeOnLoad (79ms)
			ProcessInitializeOnLoadAttributes (315ms)
			ProcessInitializeOnLoadMethodAttributes (79ms)
			AfterProcessingInitializeOnLoad (6ms)
			EditorAssembliesLoaded (0ms)
		ExecutionOrderSort2 (0ms)
		AwakeInstancesAfterBackupRestoration (9ms)
Launched and connected shader compiler UnityShaderCompiler.exe after 0.04 seconds
Refreshing native plugins compatible for Editor in 4.16 ms, found 3 plugins.
Preloading 0 native plugins for Editor in 0.00 ms.
Unloading 5026 Unused Serialized files (Serialized files now loaded: 0)
Unloading 76 unused Assets / (1.1 MB). Loaded Objects now: 5500.
Memory consumption went from 239.1 MB to 238.0 MB.
Total: 4.599000 ms (FindLiveObjects: 0.523600 ms CreateObjectMapping: 0.410500 ms MarkObjects: 3.100700 ms  DeleteObjects: 0.563200 ms)

AssetImportParameters requested are different than current active one (requested -> active):
  custom:container-demuxer-ogg: 62fdf1f143b41e24485cea50d1cbac27 -> 
  custom:video-codec-MediaFoundation-h265: 746d11721c4dcdbdad8f713fa42b33f4 -> 
  custom:video-decoder-ogg-theora: a1e56fd34408186e4bbccfd4996cb3dc -> 
  custom:framework-win-MediaFoundation: 216162199b28c13a410421893ffa2e32 -> 
  custom:CustomObjectIndexerAttribute: a3ef5dd2817f97addfee359851a9dba5 -> 
  custom:container-demuxer-webm: 4f35f7cbe854078d1ac9338744f61a02 -> 
  custom:container-muxer-webm: aa71ff27fc2769a1b78a27578f13a17b -> 
  custom:video-decoder-webm-vp8: 9c59270c3fd7afecdb556c50c9e8de78 -> 
  custom:AudioImporter_EditorPlatform: d09bf68614088b80899f8185d706f6e7 -> 
  custom:video-encoder-webm-vp8: eb34c28f22e8b96e1ab97ce403110664 -> 
  custom:audio-decoder-ogg-vorbis: bf7c407c2cedff20999df2af8eb42d56 -> 
  custom:audio-encoder-webm-vorbis: bf7c407c2cedff20999df2af8eb42d56 -> 
========================================================================
Received Import Request.
  Time since last request: 1191.783488 seconds.
  path: Assets/Scenes/SampleScene.unity
  artifactKey: Guid(99c9720ab356a0642a771bea13969a05) Importer(815301076,1909f56bfc062723c751e8b465ee728b)
Start importing Assets/Scenes/SampleScene.unity using Guid(99c9720ab356a0642a771bea13969a05) Importer(815301076,1909f56bfc062723c751e8b465ee728b)  -> (artifact id: '229838a8a444dc36f04fd941879b2935') in 0.001938 seconds
Number of updated asset objects reloaded before import = 0
Number of asset objects unloaded after import = 0
========================================================================
Received Import Request.
  Time since last request: 3.285900 seconds.
  path: Assets/Scenes/Room.unity
  artifactKey: Guid(263222db56d988a46b29c3364d5ebd66) Importer(815301076,1909f56bfc062723c751e8b465ee728b)
Start importing Assets/Scenes/Room.unity using Guid(263222db56d988a46b29c3364d5ebd66) Importer(815301076,1909f56bfc062723c751e8b465ee728b)  -> (artifact id: 'd1513b029c00ea4e0599b5d0829570ed') in 0.000512 seconds
Number of updated asset objects reloaded before import = 0
Number of asset objects unloaded after import = 0
========================================================================
Received Import Request.
  Time since last request: 727.729476 seconds.
  path: Assets/NatureStarterKit2/Textures/bush01.tga
  artifactKey: Guid(cd0dd843ef8672e4896d03c7a66fa5da) Importer(815301076,1909f56bfc062723c751e8b465ee728b)
Start importing Assets/NatureStarterKit2/Textures/bush01.tga using Guid(cd0dd843ef8672e4896d03c7a66fa5da) Importer(815301076,1909f56bfc062723c751e8b465ee728b)  -> (artifact id: '2feee9fcad9ce3dd1fcb41246ee215fb') in 0.003332 seconds
Number of updated asset objects reloaded before import = 0
Number of asset objects unloaded after import = 1
========================================================================
Received Import Request.
  Time since last request: 433.969500 seconds.
  path: Assets/Scenes/Room.unity
  artifactKey: Guid(263222db56d988a46b29c3364d5ebd66) Importer(815301076,1909f56bfc062723c751e8b465ee728b)
Start importing Assets/Scenes/Room.unity using Guid(263222db56d988a46b29c3364d5ebd66) Importer(815301076,1909f56bfc062723c751e8b465ee728b)  -> (artifact id: '53bf11f068cd60c2d1130624239c3891') in 0.000880 seconds
Number of updated asset objects reloaded before import = 0
Number of asset objects unloaded after import = 0
========================================================================
Received Import Request.
  Time since last request: 57.324173 seconds.
  path: Assets/NatureStarterKit2/Standard Assets/Effects/ToonShading/Textures
  artifactKey: Guid(651770f8be26443fdb85aa3594fa349c) Importer(815301076,1909f56bfc062723c751e8b465ee728b)
Start importing Assets/NatureStarterKit2/Standard Assets/Effects/ToonShading/Textures using Guid(651770f8be26443fdb85aa3594fa349c) Importer(815301076,1909f56bfc062723c751e8b465ee728b)  -> (artifact id: '31c71cea6eb064bfb28a03a6281b0aef') in 0.000809 seconds
Number of updated asset objects reloaded before import = 0
Number of asset objects unloaded after import = 0
========================================================================
Received Import Request.
  Time since last request: 10.414526 seconds.
  path: Assets/NatureStarterKit2/Nature/tree01_Textures
  artifactKey: Guid(fbc0de3a9167e084387dc1039431e393) Importer(815301076,1909f56bfc062723c751e8b465ee728b)
Start importing Assets/NatureStarterKit2/Nature/tree01_Textures using Guid(fbc0de3a9167e084387dc1039431e393) Importer(815301076,1909f56bfc062723c751e8b465ee728b)  -> (artifact id: '8e2d13e678c0af289ac5601bda928410') in 0.000423 seconds
Number of updated asset objects reloaded before import = 0
Number of asset objects unloaded after import = 0
========================================================================
Received Import Request.
  Time since last request: 18.433009 seconds.
  path: Assets/NatureStarterKit2/Nature/tree01_Textures/diffuse.png
  artifactKey: Guid(bc1041f423dc3314e8998435028d0fd3) Importer(815301076,1909f56bfc062723c751e8b465ee728b)
Start importing Assets/NatureStarterKit2/Nature/tree01_Textures/diffuse.png using Guid(bc1041f423dc3314e8998435028d0fd3) Importer(815301076,1909f56bfc062723c751e8b465ee728b)  -> (artifact id: '8533b5bbfd0e54a00f56394809d5f7d1') in 0.002684 seconds
Number of updated asset objects reloaded before import = 0
Number of asset objects unloaded after import = 1
========================================================================
Received Import Request.
  Time since last request: 12.697981 seconds.
  path: Assets/NatureStarterKit2/Standard Assets/Effects/ImageEffects/Textures/ContrastEnhanced3D16.png
  artifactKey: Guid(ecd9a2c463dcb476891e43d7c9f16ffa) Importer(815301076,1909f56bfc062723c751e8b465ee728b)
Start importing Assets/NatureStarterKit2/Standard Assets/Effects/ImageEffects/Textures/ContrastEnhanced3D16.png using Guid(ecd9a2c463dcb476891e43d7c9f16ffa) Importer(815301076,1909f56bfc062723c751e8b465ee728b)  -> (artifact id: 'dcf7203a8a6adba6d716d8a4058c9a61') in 0.001530 seconds
Number of updated asset objects reloaded before import = 0
Number of asset objects unloaded after import = 1
========================================================================
Received Import Request.
  Time since last request: 0.004330 seconds.
  path: Assets/NatureStarterKit2/Nature/bush04_Textures/diffuse.png
  artifactKey: Guid(1bc291dddd73b3546b8d909b1c407553) Importer(815301076,1909f56bfc062723c751e8b465ee728b)
Start importing Assets/NatureStarterKit2/Nature/bush04_Textures/diffuse.png using Guid(1bc291dddd73b3546b8d909b1c407553) Importer(815301076,1909f56bfc062723c751e8b465ee728b)  -> (artifact id: '93930e65bd056ae435229a09790c5c96') in 0.002220 seconds
Number of updated asset objects reloaded before import = 0
Number of asset objects unloaded after import = 1
========================================================================
Received Import Request.
  Time since last request: 0.000015 seconds.
  path: Assets/NatureStarterKit2/Nature/tree02_Textures/diffuse.png
  artifactKey: Guid(da4827ac8df28d1439b10b2ec7735a68) Importer(815301076,1909f56bfc062723c751e8b465ee728b)
Start importing Assets/NatureStarterKit2/Nature/tree02_Textures/diffuse.png using Guid(da4827ac8df28d1439b10b2ec7735a68) Importer(815301076,1909f56bfc062723c751e8b465ee728b)  -> (artifact id: '94b31e73b333e5b89e26612de250cb33') in 0.002198 seconds
Number of updated asset objects reloaded before import = 0
Number of asset objects unloaded after import = 1
========================================================================
Received Import Request.
  Time since last request: 0.000039 seconds.
  path: Assets/NatureStarterKit2/Nature/tree04_Textures/diffuse.png
  artifactKey: Guid(2358a0d0a1cf20d4ea0018c742bd06e4) Importer(815301076,1909f56bfc062723c751e8b465ee728b)
Start importing Assets/NatureStarterKit2/Nature/tree04_Textures/diffuse.png using Guid(2358a0d0a1cf20d4ea0018c742bd06e4) Importer(815301076,1909f56bfc062723c751e8b465ee728b)  -> (artifact id: '1accca50b278b640cfa9ce05b32803e7') in 0.001573 seconds
Number of updated asset objects reloaded before import = 0
Number of asset objects unloaded after import = 1
========================================================================
Received Import Request.
  Time since last request: 1.195108 seconds.
  path: Assets/NatureStarterKit2/Standard Assets/Effects/Projectors/Textures/Falloff.psd
  artifactKey: Guid(23740055e2b119e40a939138ab8070f8) Importer(815301076,1909f56bfc062723c751e8b465ee728b)
Start importing Assets/NatureStarterKit2/Standard Assets/Effects/Projectors/Textures/Falloff.psd using Guid(23740055e2b119e40a939138ab8070f8) Importer(815301076,1909f56bfc062723c751e8b465ee728b)  -> (artifact id: '8f982bebbef03a14cfae66bf4d88c219') in 0.001460 seconds
Number of updated asset objects reloaded before import = 0
Number of asset objects unloaded after import = 1
========================================================================
Received Import Request.
  Time since last request: 0.043797 seconds.
  path: Assets/NatureStarterKit2/Standard Assets/Effects/LightFlares/Textures/FlareStar.psd
  artifactKey: Guid(51dc82ef9d11c594d000e7c9e39e7c39) Importer(815301076,1909f56bfc062723c751e8b465ee728b)
Start importing Assets/NatureStarterKit2/Standard Assets/Effects/LightFlares/Textures/FlareStar.psd using Guid(51dc82ef9d11c594d000e7c9e39e7c39) Importer(815301076,1909f56bfc062723c751e8b465ee728b)  -> (artifact id: 'cdf834188f07671206df9494f50100ab') in 0.001861 seconds
Number of updated asset objects reloaded before import = 0
Number of asset objects unloaded after import = 1
========================================================================
Received Import Request.
  Time since last request: 0.000065 seconds.
  path: Assets/NatureStarterKit2/Standard Assets/Effects/LightCookies/Textures/FlashlightIrregularCookie.tif
  artifactKey: Guid(641bb2dce818a8a499b537a1963889ac) Importer(815301076,1909f56bfc062723c751e8b465ee728b)
Start importing Assets/NatureStarterKit2/Standard Assets/Effects/LightCookies/Textures/FlashlightIrregularCookie.tif using Guid(641bb2dce818a8a499b537a1963889ac) Importer(815301076,1909f56bfc062723c751e8b465ee728b)  -> (artifact id: '9750eeef9e8854d8db9c8ccae8a9c652') in 0.001748 seconds
Number of updated asset objects reloaded before import = 0
Number of asset objects unloaded after import = 1
========================================================================
Received Import Request.
  Time since last request: 0.051892 seconds.
  path: Assets/NatureStarterKit2/Standard Assets/Effects/GlassRefraction/Textures/GlassStainedNormals.tif
  artifactKey: Guid(4b8d081e9d114c7f1100f5ab44295342) Importer(815301076,1909f56bfc062723c751e8b465ee728b)
Start importing Assets/NatureStarterKit2/Standard Assets/Effects/GlassRefraction/Textures/GlassStainedNormals.tif using Guid(4b8d081e9d114c7f1100f5ab44295342) Importer(815301076,1909f56bfc062723c751e8b465ee728b)  -> (artifact id: '534e65f9ad56d75a7769146242ee4256') in 0.002040 seconds
Number of updated asset objects reloaded before import = 0
Number of asset objects unloaded after import = 1
========================================================================
Received Import Request.
  Time since last request: 0.860572 seconds.
  path: Assets/NatureStarterKit2/Standard Assets/Effects/ImageEffects/Textures/grayscale ramp.png
  artifactKey: Guid(e9a9781cad112c75d0008dfa8d76c639) Importer(815301076,1909f56bfc062723c751e8b465ee728b)
Start importing Assets/NatureStarterKit2/Standard Assets/Effects/ImageEffects/Textures/grayscale ramp.png using Guid(e9a9781cad112c75d0008dfa8d76c639) Importer(815301076,1909f56bfc062723c751e8b465ee728b)  -> (artifact id: 'ba6564d3a26a993f31c6bdbcb24c9a71') in 0.001587 seconds
Number of updated asset objects reloaded before import = 0
Number of asset objects unloaded after import = 1
========================================================================
Received Import Request.
  Time since last request: 0.209958 seconds.
  path: Assets/NatureStarterKit2/Standard Assets/Effects/Projectors/Textures/Grid.psd
  artifactKey: Guid(529239097d02f9f42b0ddd436c6fcbb0) Importer(815301076,1909f56bfc062723c751e8b465ee728b)
Start importing Assets/NatureStarterKit2/Standard Assets/Effects/Projectors/Textures/Grid.psd using Guid(529239097d02f9f42b0ddd436c6fcbb0) Importer(815301076,1909f56bfc062723c751e8b465ee728b)  -> (artifact id: '59acd585bb28dda85e2c09cdddc6a3e6') in 0.001388 seconds
Number of updated asset objects reloaded before import = 0
Number of asset objects unloaded after import = 1
========================================================================
Received Import Request.
  Time since last request: 0.084175 seconds.
  path: Assets/NatureStarterKit2/Textures/ground02.tga
  artifactKey: Guid(3e8f839d23c8c7f42b81fc76f0dbeb9f) Importer(815301076,1909f56bfc062723c751e8b465ee728b)
Start importing Assets/NatureStarterKit2/Textures/ground02.tga using Guid(3e8f839d23c8c7f42b81fc76f0dbeb9f) Importer(815301076,1909f56bfc062723c751e8b465ee728b)  -> (artifact id: 'c99945db3601f891dd2b774c580794f1') in 0.003454 seconds
Number of updated asset objects reloaded before import = 0
Number of asset objects unloaded after import = 1
========================================================================
Received Import Request.
  Time since last request: 0.754548 seconds.
  path: Assets/NatureStarterKit2/Standard Assets/Effects/ImageEffects/Textures/HexShape.psd
  artifactKey: Guid(a4cdca73d61814d33ac1587f6c163bca) Importer(815301076,1909f56bfc062723c751e8b465ee728b)
Start importing Assets/NatureStarterKit2/Standard Assets/Effects/ImageEffects/Textures/HexShape.psd using Guid(a4cdca73d61814d33ac1587f6c163bca) Importer(815301076,1909f56bfc062723c751e8b465ee728b)  -> (artifact id: '959254689ccad785c883965bae615146') in 0.001260 seconds
Number of updated asset objects reloaded before import = 0
Number of asset objects unloaded after import = 1
========================================================================
Received Import Request.
  Time since last request: 0.003127 seconds.
  path: Assets/NatureStarterKit2/Standard Assets/Effects/Projectors/Textures/Light.psd
  artifactKey: Guid(b1d7fee26e54cc3498f6267f072a45b9) Importer(815301076,1909f56bfc062723c751e8b465ee728b)
Start importing Assets/NatureStarterKit2/Standard Assets/Effects/Projectors/Textures/Light.psd using Guid(b1d7fee26e54cc3498f6267f072a45b9) Importer(815301076,1909f56bfc062723c751e8b465ee728b)  -> (artifact id: '46db7b78d3cd93cbe5bb030a09bb938b') in 0.001429 seconds
Number of updated asset objects reloaded before import = 0
Number of asset objects unloaded after import = 1
========================================================================
Received Import Request.
  Time since last request: 0.054897 seconds.
  path: Assets/NatureStarterKit2/Standard Assets/Effects/LightCookies/Textures/LightHardCookie.psd
  artifactKey: Guid(1167c0a28d11119930004d8a4241aa39) Importer(815301076,1909f56bfc062723c751e8b465ee728b)
Start importing Assets/NatureStarterKit2/Standard Assets/Effects/LightCookies/Textures/LightHardCookie.psd using Guid(1167c0a28d11119930004d8a4241aa39) Importer(815301076,1909f56bfc062723c751e8b465ee728b)  -> (artifact id: 'fbfd97a5645af71ff0d68583a43f4864') in 0.001772 seconds
Number of updated asset objects reloaded before import = 0
Number of asset objects unloaded after import = 1
========================================================================
Received Import Request.
  Time since last request: 0.099657 seconds.
  path: Assets/NatureStarterKit2/Standard Assets/Effects/LightCookies/Textures/LightSquareCookie.psd
  artifactKey: Guid(69680b688d11eb9d30009b3b4241aa39) Importer(815301076,1909f56bfc062723c751e8b465ee728b)
Start importing Assets/NatureStarterKit2/Standard Assets/Effects/LightCookies/Textures/LightSquareCookie.psd using Guid(69680b688d11eb9d30009b3b4241aa39) Importer(815301076,1909f56bfc062723c751e8b465ee728b)  -> (artifact id: '3c664c31c3521ba2e4bf7c66688d4791') in 0.001814 seconds
Number of updated asset objects reloaded before import = 0
Number of asset objects unloaded after import = 1
========================================================================
Received Import Request.
  Time since last request: 0.471353 seconds.
  path: Assets/amusedART/Mummy_Mon/Textures/Mummy_albedo.psd
  artifactKey: Guid(7106f7c372748ed41a18bd0ec1bb4357) Importer(815301076,1909f56bfc062723c751e8b465ee728b)
Start importing Assets/amusedART/Mummy_Mon/Textures/Mummy_albedo.psd using Guid(7106f7c372748ed41a18bd0ec1bb4357) Importer(815301076,1909f56bfc062723c751e8b465ee728b)  -> (artifact id: '222400d93538be5e7e78e26bbdff0f7b') in 0.002511 seconds
Number of updated asset objects reloaded before import = 0
Number of asset objects unloaded after import = 1
========================================================================
Received Import Request.
  Time since last request: 0.133421 seconds.
  path: Assets/NatureStarterKit2/Standard Assets/Effects/ImageEffects/Textures/NoiseAndGrain.png
  artifactKey: Guid(7a632f967e8ad42f5bd275898151ab6a) Importer(815301076,1909f56bfc062723c751e8b465ee728b)
Start importing Assets/NatureStarterKit2/Standard Assets/Effects/ImageEffects/Textures/NoiseAndGrain.png using Guid(7a632f967e8ad42f5bd275898151ab6a) Importer(815301076,1909f56bfc062723c751e8b465ee728b)  -> (artifact id: 'f96c645e85f3876b3c72e2664ae68061') in 0.001372 seconds
Number of updated asset objects reloaded before import = 0
Number of asset objects unloaded after import = 1
========================================================================
Received Import Request.
  Time since last request: 0.538444 seconds.
  path: Assets/NatureStarterKit2/Standard Assets/Effects/ImageEffects/Textures/NoiseEffectScratch.png
  artifactKey: Guid(6205c27cc031f4e66b8ea90d1bfaa158) Importer(815301076,1909f56bfc062723c751e8b465ee728b)
Start importing Assets/NatureStarterKit2/Standard Assets/Effects/ImageEffects/Textures/NoiseEffectScratch.png using Guid(6205c27cc031f4e66b8ea90d1bfaa158) Importer(815301076,1909f56bfc062723c751e8b465ee728b)  -> (artifact id: '4c511005b4de941b4a2c62807e94773d') in 0.002445 seconds
Number of updated asset objects reloaded before import = 0
Number of asset objects unloaded after import = 1
========================================================================
Received Import Request.
  Time since last request: 0.144608 seconds.
  path: Assets/NatureStarterKit2/Nature/bush02_Textures/normal_specular.png
  artifactKey: Guid(a0d503ff62e3323448a75a7485e3c50b) Importer(815301076,1909f56bfc062723c751e8b465ee728b)
Start importing Assets/NatureStarterKit2/Nature/bush02_Textures/normal_specular.png using Guid(a0d503ff62e3323448a75a7485e3c50b) Importer(815301076,1909f56bfc062723c751e8b465ee728b)  -> (artifact id: '6117f2010ed16bfac4c294c0dfd2de78') in 0.001913 seconds
Number of updated asset objects reloaded before import = 0
Number of asset objects unloaded after import = 1
========================================================================
Received Import Request.
  Time since last request: 0.102907 seconds.
  path: Assets/NatureStarterKit2/Nature/bush04_Textures/normal_specular.png
  artifactKey: Guid(198f2f9f3ce914b4196c142c0614649f) Importer(815301076,1909f56bfc062723c751e8b465ee728b)
Start importing Assets/NatureStarterKit2/Nature/bush04_Textures/normal_specular.png using Guid(198f2f9f3ce914b4196c142c0614649f) Importer(815301076,1909f56bfc062723c751e8b465ee728b)  -> (artifact id: 'c6e4ca4cca6ab12b4d52fa801f3f171f') in 0.002204 seconds
Number of updated asset objects reloaded before import = 0
Number of asset objects unloaded after import = 1
========================================================================
Received Import Request.
  Time since last request: 0.628473 seconds.
  path: Assets/NatureStarterKit2/Nature/tree03_Textures/normal_specular.png
  artifactKey: Guid(62a80745906a31e4e80055fd7ec2add8) Importer(815301076,1909f56bfc062723c751e8b465ee728b)
Start importing Assets/NatureStarterKit2/Nature/tree03_Textures/normal_specular.png using Guid(62a80745906a31e4e80055fd7ec2add8) Importer(815301076,1909f56bfc062723c751e8b465ee728b)  -> (artifact id: '9ec63aad8de50feb5f1d40388015e493') in 0.001498 seconds
Number of updated asset objects reloaded before import = 0
Number of asset objects unloaded after import = 1
========================================================================
Received Import Request.
  Time since last request: 4061.335815 seconds.
  path: Assets/NatureStarterKit2/Nature/tree04_Textures/Materials/diffuse.mat
  artifactKey: Guid(de4cdbfe875a1be4fb69001696303904) Importer(815301076,1909f56bfc062723c751e8b465ee728b)
Start importing Assets/NatureStarterKit2/Nature/tree04_Textures/Materials/diffuse.mat using Guid(de4cdbfe875a1be4fb69001696303904) Importer(815301076,1909f56bfc062723c751e8b465ee728b)  -> (artifact id: 'bcade96fff29ca58a3345442795c1b62') in 0.001282 seconds
Number of updated asset objects reloaded before import = 0
Number of asset objects unloaded after import = 1
========================================================================
Received Import Request.
  Time since last request: 2.614553 seconds.
  path: Assets/amusedART/Mummy_Mon/Materials/Mummy_normals.mat
  artifactKey: Guid(bd951e5c065569a4a899333426c1b8be) Importer(815301076,1909f56bfc062723c751e8b465ee728b)
Start importing Assets/amusedART/Mummy_Mon/Materials/Mummy_normals.mat using Guid(bd951e5c065569a4a899333426c1b8be) Importer(815301076,1909f56bfc062723c751e8b465ee728b)  -> (artifact id: '55cd0fe3b9ea595e7b690c4549cd8595') in 0.000911 seconds
Number of updated asset objects reloaded before import = 0
Number of asset objects unloaded after import = 1
========================================================================
Received Import Request.
  Time since last request: 0.075782 seconds.
  path: Assets/NatureStarterKit2/Nature/tree04_Textures/Materials/normal_specular.mat
  artifactKey: Guid(a469fd7064301064fb8d34365c5a6f27) Importer(815301076,1909f56bfc062723c751e8b465ee728b)
Start importing Assets/NatureStarterKit2/Nature/tree04_Textures/Materials/normal_specular.mat using Guid(a469fd7064301064fb8d34365c5a6f27) Importer(815301076,1909f56bfc062723c751e8b465ee728b)  -> (artifact id: '05089812a7183eb4aa8d558f372c97ea') in 0.001002 seconds
Number of updated asset objects reloaded before import = 0
Number of asset objects unloaded after import = 1
========================================================================
Received Import Request.
  Time since last request: 0.053104 seconds.
  path: Assets/NatureStarterKit2/Nature/bush06.prefab
  artifactKey: Guid(f62058cb710fd1745a24102fff0edd46) Importer(815301076,1909f56bfc062723c751e8b465ee728b)
Start importing Assets/NatureStarterKit2/Nature/bush06.prefab using Guid(f62058cb710fd1745a24102fff0edd46) Importer(815301076,1909f56bfc062723c751e8b465ee728b)  -> (artifact id: 'cf6c46d009ee362f031de51c3528dfba') in 0.008880 seconds
Number of updated asset objects reloaded before import = 0
Number of asset objects unloaded after import = 12
========================================================================
Received Import Request.
  Time since last request: 1.042771 seconds.
  path: Assets/NatureStarterKit2/Nature/bush05.prefab
  artifactKey: Guid(bb660abd3b29d9f44866fd79795dbca4) Importer(815301076,1909f56bfc062723c751e8b465ee728b)
Start importing Assets/NatureStarterKit2/Nature/bush05.prefab using Guid(bb660abd3b29d9f44866fd79795dbca4) Importer(815301076,1909f56bfc062723c751e8b465ee728b)  -> (artifact id: '5dae4fc8f3e689d6d13ee4379a95de11') in 0.013719 seconds
Number of updated asset objects reloaded before import = 0
Number of asset objects unloaded after import = 12
========================================================================
Received Import Request.
  Time since last request: 0.036774 seconds.
  path: Assets/NatureStarterKit2/Nature/bush04.prefab
  artifactKey: Guid(d15b44addf30da74f946086ec0aa993c) Importer(815301076,1909f56bfc062723c751e8b465ee728b)
Start importing Assets/NatureStarterKit2/Nature/bush04.prefab using Guid(d15b44addf30da74f946086ec0aa993c) Importer(815301076,1909f56bfc062723c751e8b465ee728b)  -> (artifact id: '179126282d2f7804be60280dfc2f3360') in 0.003418 seconds
Number of updated asset objects reloaded before import = 0
Number of asset objects unloaded after import = 12
========================================================================
Received Import Request.
  Time since last request: 0.420438 seconds.
  path: Assets/NatureStarterKit2/Nature/bush02.prefab
  artifactKey: Guid(ec78ebca7517fb745a45a931cb06d2bd) Importer(815301076,1909f56bfc062723c751e8b465ee728b)
Start importing Assets/NatureStarterKit2/Nature/bush02.prefab using Guid(ec78ebca7517fb745a45a931cb06d2bd) Importer(815301076,1909f56bfc062723c751e8b465ee728b)  -> (artifact id: 'c489a88c55f1cd22eb4fb87c74908aee') in 0.002628 seconds
Number of updated asset objects reloaded before import = 0
Number of asset objects unloaded after import = 12
========================================================================
Received Prepare
Begin MonoManager ReloadAssembly
Symbol file LoadedFromMemory doesn't match image C:\Users\skinn\SemsterPorject\Library\PackageCache\com.unity.visualscripting@1.8.0\Editor\VisualScripting.Core\Dependencies\YamlDotNet\Unity.VisualScripting.YamlDotNet.dll
Symbol file LoadedFromMemory doesn't match image C:\Users\skinn\SemsterPorject\Library\PackageCache\com.unity.visualscripting@1.8.0\Editor\VisualScripting.Core\Dependencies\DotNetZip\Unity.VisualScripting.IonicZip.dll
- Loaded All Assemblies, in  0.666 seconds
Refreshing native plugins compatible for Editor in 4.26 ms, found 3 plugins.
Native extension for WindowsStandalone target not found
Mono: successfully reloaded assembly
- Finished resetting the current domain, in  0.959 seconds
Domain Reload Profiling: 1624ms
	BeginReloadAssembly (131ms)
		ExecutionOrderSort (0ms)
		DisableScriptedObjects (4ms)
		BackupInstance (0ms)
		ReleaseScriptingObjects (0ms)
		CreateAndSetChildDomain (39ms)
	RebuildCommonClasses (33ms)
	RebuildNativeTypeToScriptingClass (11ms)
	initialDomainReloadingComplete (26ms)
	LoadAllAssembliesAndSetupDomain (463ms)
		LoadAssemblies (206ms)
		RebuildTransferFunctionScriptingTraits (0ms)
		AnalyzeDomain (311ms)
			TypeCache.Refresh (293ms)
				TypeCache.ScanAssembly (282ms)
			ScanForSourceGeneratedMonoScriptInfo (5ms)
			ResolveRequiredComponents (13ms)
	FinalizeReload (960ms)
		ReleaseScriptCaches (0ms)
		RebuildScriptCaches (0ms)
		SetupLoadedEditorAssemblies (397ms)
			LogAssemblyErrors (0ms)
			InitializePlatformSupportModulesInManaged (6ms)
			SetLoadedEditorAssemblies (3ms)
			RefreshPlugins (0ms)
			BeforeProcessingInitializeOnLoad (77ms)
			ProcessInitializeOnLoadAttributes (236ms)
			ProcessInitializeOnLoadMethodAttributes (68ms)
			AfterProcessingInitializeOnLoad (7ms)
			EditorAssembliesLoaded (0ms)
		ExecutionOrderSort2 (0ms)
		AwakeInstancesAfterBackupRestoration (18ms)
Refreshing native plugins compatible for Editor in 2.80 ms, found 3 plugins.
Preloading 0 native plugins for Editor in 0.00 ms.
Unloading 4805 Unused Serialized files (Serialized files now loaded: 0)
Unloading 51 unused Assets / (1.1 MB). Loaded Objects now: 5505.
Memory consumption went from 196.7 MB to 195.7 MB.
Total: 3.580700 ms (FindLiveObjects: 0.401900 ms CreateObjectMapping: 0.400000 ms MarkObjects: 2.326700 ms  DeleteObjects: 0.451200 ms)

Prepare: number of updated asset objects reloaded= 0
AssetImportParameters requested are different than current active one (requested -> active):
  custom:container-demuxer-ogg: 62fdf1f143b41e24485cea50d1cbac27 -> 
  custom:video-codec-MediaFoundation-h265: 746d11721c4dcdbdad8f713fa42b33f4 -> 
  custom:video-decoder-ogg-theora: a1e56fd34408186e4bbccfd4996cb3dc -> 
  custom:framework-win-MediaFoundation: 216162199b28c13a410421893ffa2e32 -> 
  custom:CustomObjectIndexerAttribute: a3ef5dd2817f97addfee359851a9dba5 -> 
  custom:container-demuxer-webm: 4f35f7cbe854078d1ac9338744f61a02 -> 
  custom:container-muxer-webm: aa71ff27fc2769a1b78a27578f13a17b -> 
  custom:video-decoder-webm-vp8: 9c59270c3fd7afecdb556c50c9e8de78 -> 
  custom:AudioImporter_EditorPlatform: d09bf68614088b80899f8185d706f6e7 -> 
  custom:video-encoder-webm-vp8: eb34c28f22e8b96e1ab97ce403110664 -> 
  custom:audio-decoder-ogg-vorbis: bf7c407c2cedff20999df2af8eb42d56 -> 
  custom:audio-encoder-webm-vorbis: bf7c407c2cedff20999df2af8eb42d56 -> 
========================================================================
Received Prepare
Begin MonoManager ReloadAssembly
Symbol file LoadedFromMemory doesn't match image C:\Users\skinn\SemsterPorject\Library\PackageCache\com.unity.visualscripting@1.8.0\Editor\VisualScripting.Core\Dependencies\YamlDotNet\Unity.VisualScripting.YamlDotNet.dll
Symbol file LoadedFromMemory doesn't match image C:\Users\skinn\SemsterPorject\Library\PackageCache\com.unity.visualscripting@1.8.0\Editor\VisualScripting.Core\Dependencies\DotNetZip\Unity.VisualScripting.IonicZip.dll
- Loaded All Assemblies, in  0.691 seconds
Refreshing native plugins compatible for Editor in 3.04 ms, found 3 plugins.
Native extension for WindowsStandalone target not found
Mono: successfully reloaded assembly
- Finished resetting the current domain, in  0.909 seconds
Domain Reload Profiling: 1597ms
	BeginReloadAssembly (136ms)
		ExecutionOrderSort (0ms)
		DisableScriptedObjects (4ms)
		BackupInstance (0ms)
		ReleaseScriptingObjects (0ms)
		CreateAndSetChildDomain (40ms)
	RebuildCommonClasses (31ms)
	RebuildNativeTypeToScriptingClass (11ms)
	initialDomainReloadingComplete (28ms)
	LoadAllAssembliesAndSetupDomain (483ms)
		LoadAssemblies (223ms)
		RebuildTransferFunctionScriptingTraits (0ms)
		AnalyzeDomain (314ms)
			TypeCache.Refresh (300ms)
				TypeCache.ScanAssembly (286ms)
			ScanForSourceGeneratedMonoScriptInfo (5ms)
			ResolveRequiredComponents (9ms)
	FinalizeReload (909ms)
		ReleaseScriptCaches (0ms)
		RebuildScriptCaches (0ms)
		SetupLoadedEditorAssemblies (391ms)
			LogAssemblyErrors (0ms)
			InitializePlatformSupportModulesInManaged (6ms)
			SetLoadedEditorAssemblies (3ms)
			RefreshPlugins (0ms)
			BeforeProcessingInitializeOnLoad (71ms)
			ProcessInitializeOnLoadAttributes (229ms)
			ProcessInitializeOnLoadMethodAttributes (77ms)
			AfterProcessingInitializeOnLoad (6ms)
			EditorAssembliesLoaded (0ms)
		ExecutionOrderSort2 (0ms)
		AwakeInstancesAfterBackupRestoration (18ms)
Refreshing native plugins compatible for Editor in 2.73 ms, found 3 plugins.
Preloading 0 native plugins for Editor in 0.00 ms.
Unloading 4751 Unused Serialized files (Serialized files now loaded: 0)
Unloading 87 unused Assets / (0.8 MB). Loaded Objects now: 5471.
Memory consumption went from 193.3 MB to 192.5 MB.
Total: 4.462900 ms (FindLiveObjects: 0.397200 ms CreateObjectMapping: 0.389400 ms MarkObjects: 3.231900 ms  DeleteObjects: 0.443500 ms)

Prepare: number of updated asset objects reloaded= 72
AssetImportParameters requested are different than current active one (requested -> active):
  custom:container-demuxer-ogg: 62fdf1f143b41e24485cea50d1cbac27 -> 
  custom:video-codec-MediaFoundation-h265: 746d11721c4dcdbdad8f713fa42b33f4 -> 
  custom:video-decoder-ogg-theora: a1e56fd34408186e4bbccfd4996cb3dc -> 
  custom:framework-win-MediaFoundation: 216162199b28c13a410421893ffa2e32 -> 
  custom:CustomObjectIndexerAttribute: a3ef5dd2817f97addfee359851a9dba5 -> 
  custom:container-demuxer-webm: 4f35f7cbe854078d1ac9338744f61a02 -> 
  custom:container-muxer-webm: aa71ff27fc2769a1b78a27578f13a17b -> 
  custom:video-decoder-webm-vp8: 9c59270c3fd7afecdb556c50c9e8de78 -> 
  custom:AudioImporter_EditorPlatform: d09bf68614088b80899f8185d706f6e7 -> 
  custom:video-encoder-webm-vp8: eb34c28f22e8b96e1ab97ce403110664 -> 
  custom:audio-decoder-ogg-vorbis: bf7c407c2cedff20999df2af8eb42d56 -> 
  custom:audio-encoder-webm-vorbis: bf7c407c2cedff20999df2af8eb42d56 -> 
========================================================================
Received Prepare
Begin MonoManager ReloadAssembly
Symbol file LoadedFromMemory doesn't match image C:\Users\skinn\SemsterPorject\Library\PackageCache\com.unity.visualscripting@1.8.0\Editor\VisualScripting.Core\Dependencies\YamlDotNet\Unity.VisualScripting.YamlDotNet.dll
Symbol file LoadedFromMemory doesn't match image C:\Users\skinn\SemsterPorject\Library\PackageCache\com.unity.visualscripting@1.8.0\Editor\VisualScripting.Core\Dependencies\DotNetZip\Unity.VisualScripting.IonicZip.dll
- Loaded All Assemblies, in  0.694 seconds
Refreshing native plugins compatible for Editor in 3.20 ms, found 3 plugins.
Native extension for WindowsStandalone target not found
Mono: successfully reloaded assembly
- Finished resetting the current domain, in  0.881 seconds
Domain Reload Profiling: 1573ms
	BeginReloadAssembly (150ms)
		ExecutionOrderSort (0ms)
		DisableScriptedObjects (4ms)
		BackupInstance (0ms)
		ReleaseScriptingObjects (0ms)
		CreateAndSetChildDomain (41ms)
	RebuildCommonClasses (39ms)
	RebuildNativeTypeToScriptingClass (11ms)
	initialDomainReloadingComplete (27ms)
	LoadAllAssembliesAndSetupDomain (465ms)
		LoadAssemblies (239ms)
		RebuildTransferFunctionScriptingTraits (0ms)
		AnalyzeDomain (296ms)
			TypeCache.Refresh (281ms)
				TypeCache.ScanAssembly (269ms)
			ScanForSourceGeneratedMonoScriptInfo (5ms)
			ResolveRequiredComponents (11ms)
	FinalizeReload (881ms)
		ReleaseScriptCaches (0ms)
		RebuildScriptCaches (0ms)
		SetupLoadedEditorAssemblies (365ms)
			LogAssemblyErrors (0ms)
			InitializePlatformSupportModulesInManaged (5ms)
			SetLoadedEditorAssemblies (3ms)
			RefreshPlugins (0ms)
			BeforeProcessingInitializeOnLoad (60ms)
			ProcessInitializeOnLoadAttributes (233ms)
			ProcessInitializeOnLoadMethodAttributes (59ms)
			AfterProcessingInitializeOnLoad (5ms)
			EditorAssembliesLoaded (0ms)
		ExecutionOrderSort2 (0ms)
		AwakeInstancesAfterBackupRestoration (22ms)
Refreshing native plugins compatible for Editor in 4.49 ms, found 3 plugins.
Preloading 0 native plugins for Editor in 0.00 ms.
Unloading 4877 Unused Serialized files (Serialized files now loaded: 0)
Unloading 122 unused Assets / (7.8 MB). Loaded Objects now: 5442.
Memory consumption went from 211.8 MB to 204.0 MB.
Total: 9.750100 ms (FindLiveObjects: 0.564400 ms CreateObjectMapping: 0.512100 ms MarkObjects: 4.425300 ms  DeleteObjects: 4.246700 ms)

Prepare: number of updated asset objects reloaded= 14
AssetImportParameters requested are different than current active one (requested -> active):
  custom:container-demuxer-ogg: 62fdf1f143b41e24485cea50d1cbac27 -> 
  custom:video-codec-MediaFoundation-h265: 746d11721c4dcdbdad8f713fa42b33f4 -> 
  custom:video-decoder-ogg-theora: a1e56fd34408186e4bbccfd4996cb3dc -> 
  custom:framework-win-MediaFoundation: 216162199b28c13a410421893ffa2e32 -> 
  custom:CustomObjectIndexerAttribute: a3ef5dd2817f97addfee359851a9dba5 -> 
  custom:container-demuxer-webm: 4f35f7cbe854078d1ac9338744f61a02 -> 
  custom:container-muxer-webm: aa71ff27fc2769a1b78a27578f13a17b -> 
  custom:video-decoder-webm-vp8: 9c59270c3fd7afecdb556c50c9e8de78 -> 
  custom:AudioImporter_EditorPlatform: d09bf68614088b80899f8185d706f6e7 -> 
  custom:video-encoder-webm-vp8: eb34c28f22e8b96e1ab97ce403110664 -> 
  custom:audio-decoder-ogg-vorbis: bf7c407c2cedff20999df2af8eb42d56 -> 
  custom:audio-encoder-webm-vorbis: bf7c407c2cedff20999df2af8eb42d56 -> 
